<?xml version="1.0" encoding="UTF-8"?>
<testng-results ignored="0" total="8" passed="8" failed="0" skipped="0">
  <reporter-output>
  </reporter-output>
  <suite started-at="2026-01-27T22:51:23 EET" name="Default suite" finished-at="2026-01-27T22:51:40 EET" duration-ms="16479">
    <groups>
    </groups>
    <test started-at="2026-01-27T22:51:23 EET" name="Default test" finished-at="2026-01-27T22:51:40 EET" duration-ms="16479">
      <class name="SauceDemo.MyTestCases">
        <test-method is-config="true" signature="mySetup()[pri:0, instance:SauceDemo.MyTestCases@23bff419]" started-at="2026-01-27T22:51:23 EET" name="mySetup" finished-at="2026-01-27T22:51:24 EET" duration-ms="1122" status="PASS">
          <reporter-output>
          </reporter-output>
        </test-method> <!-- mySetup -->
        <test-method signature="Login()[pri:1, instance:SauceDemo.MyTestCases@23bff419]" started-at="2026-01-27T22:51:24 EET" name="Login" finished-at="2026-01-27T22:51:25 EET" duration-ms="365" status="PASS">
          <reporter-output>
          </reporter-output>
        </test-method> <!-- Login -->
        <test-method signature="addItemToTheCart()[pri:2, instance:SauceDemo.MyTestCases@23bff419]" started-at="2026-01-27T22:51:25 EET" name="addItemToTheCart" finished-at="2026-01-27T22:51:25 EET" duration-ms="162" status="PASS">
          <reporter-output>
          </reporter-output>
        </test-method> <!-- addItemToTheCart -->
        <test-method signature="Remove()[pri:3, instance:SauceDemo.MyTestCases@23bff419]" started-at="2026-01-27T22:51:25 EET" name="Remove" finished-at="2026-01-27T22:51:25 EET" duration-ms="154" status="PASS">
          <reporter-output>
          </reporter-output>
        </test-method> <!-- Remove -->
        <test-method signature="Cart()[pri:4, instance:SauceDemo.MyTestCases@23bff419]" started-at="2026-01-27T22:51:25 EET" name="Cart" finished-at="2026-01-27T22:51:25 EET" duration-ms="77" status="PASS">
          <reporter-output>
          </reporter-output>
        </test-method> <!-- Cart -->
        <test-method signature="Chekout()[pri:5, instance:SauceDemo.MyTestCases@23bff419]" started-at="2026-01-27T22:51:25 EET" name="Chekout" finished-at="2026-01-27T22:51:26 EET" duration-ms="666" status="PASS">
          <reporter-output>
          </reporter-output>
        </test-method> <!-- Chekout -->
        <test-method signature="randomSortTest()[pri:6, instance:SauceDemo.MyTestCases@23bff419]" started-at="2026-01-27T22:51:26 EET" name="randomSortTest" finished-at="2026-01-27T22:51:26 EET" duration-ms="136" status="PASS">
          <reporter-output>
          </reporter-output>
        </test-method> <!-- randomSortTest -->
        <test-method signature="validateCartFunctionality()[pri:7, instance:SauceDemo.MyTestCases@23bff419]" started-at="2026-01-27T22:51:26 EET" name="validateCartFunctionality" finished-at="2026-01-27T22:51:39 EET" duration-ms="12634" status="PASS">
          <reporter-output>
          </reporter-output>
        </test-method> <!-- validateCartFunctionality -->
        <test-method signature="logout()[pri:8, instance:SauceDemo.MyTestCases@23bff419]" started-at="2026-01-27T22:51:39 EET" name="logout" finished-at="2026-01-27T22:51:39 EET" duration-ms="794" status="PASS">
          <reporter-output>
          </reporter-output>
        </test-method> <!-- logout -->
        <test-method is-config="true" signature="AfterFinishinhTheTest()[pri:0, instance:SauceDemo.MyTestCases@23bff419]" started-at="2026-01-27T22:51:39 EET" name="AfterFinishinhTheTest" finished-at="2026-01-27T22:51:40 EET" duration-ms="267" status="PASS">
          <reporter-output>
          </reporter-output>
        </test-method> <!-- AfterFinishinhTheTest -->
      </class> <!-- SauceDemo.MyTestCases -->
    </test> <!-- Default test -->
  </suite> <!-- Default suite -->
</testng-results>
