<?xml version="1.0" encoding="UTF-8"?>
<!-- Generated by org.testng.reporters.JUnitXMLReporter -->
<testsuite ignored="0" hostname="DESKTOP-HLVD4HV" failures="0" tests="8" name="Default test" time="16.479" errors="0" timestamp="2026-01-27T22:51:40 EET">
  <testcase classname="SauceDemo.MyTestCases" name="Login" time="0.365"/>
  <testcase classname="SauceDemo.MyTestCases" name="addItemToTheCart" time="0.162"/>
  <testcase classname="SauceDemo.MyTestCases" name="Remove" time="0.154"/>
  <testcase classname="SauceDemo.MyTestCases" name="Cart" time="0.077"/>
  <testcase classname="SauceDemo.MyTestCases" name="Chekout" time="0.666"/>
  <testcase classname="SauceDemo.MyTestCases" name="randomSortTest" time="0.136"/>
  <testcase classname="SauceDemo.MyTestCases" name="validateCartFunctionality" time="12.634"/>
  <testcase classname="SauceDemo.MyTestCases" name="logout" time="0.794"/>
</testsuite> <!-- Default test -->
